<?xml version="1.0" encoding="UTF-8"?>
<testng-results ignored="0" total="2" passed="2" failed="0" skipped="0">
  <reporter-output>
  </reporter-output>
  <suite started-at="2022-06-07T08:24:14 IST" name="Suite" finished-at="2022-06-07T08:24:25 IST" duration-ms="11479">
    <groups>
    </groups>
    <test started-at="2022-06-07T08:24:14 IST" name="Test_Chrome" finished-at="2022-06-07T08:24:19 IST" duration-ms="5313">
      <class name="com.Test.Test_001">
        <test-method is-config="true" signature="setUp(java.lang.String)[pri:0, instance:com.Test.Test_001@74bf1791]" started-at="2022-06-07T08:24:14 IST" name="setUp" finished-at="2022-06-07T08:24:17 IST" duration-ms="2740" status="PASS">
          <params>
            <param index="0">
              <value>
                <![CDATA[Chrome]]>
              </value>
            </param>
          </params>
          <reporter-output>
          </reporter-output>
        </test-method> <!-- setUp -->
        <test-method signature="verifyTest_001()[pri:0, instance:com.Test.Test_001@74bf1791]" started-at="2022-06-07T08:24:17 IST" name="verifyTest_001" finished-at="2022-06-07T08:24:17 IST" duration-ms="359" status="PASS">
          <reporter-output>
          </reporter-output>
        </test-method> <!-- verifyTest_001 -->
        <test-method is-config="true" signature="tearDown()[pri:0, instance:com.Test.Test_001@74bf1791]" started-at="2022-06-07T08:24:19 IST" name="tearDown" finished-at="2022-06-07T08:24:19 IST" duration-ms="662" status="PASS">
          <reporter-output>
          </reporter-output>
        </test-method> <!-- tearDown -->
      </class> <!-- com.Test.Test_001 -->
    </test> <!-- Test_Chrome -->
    <test started-at="2022-06-07T08:24:20 IST" name="Test_Edge" finished-at="2022-06-07T08:24:25 IST" duration-ms="5775">
      <class name="com.Test.Test_001">
        <test-method is-config="true" signature="ConfigSetup()[pri:0, instance:com.Test.Test_001@2f67b837]" started-at="2022-06-07T08:24:13 IST" name="ConfigSetup" finished-at="2022-06-07T08:24:14 IST" duration-ms="702" status="PASS">
          <reporter-output>
          </reporter-output>
        </test-method> <!-- ConfigSetup -->
        <test-method is-config="true" signature="setUp(java.lang.String)[pri:0, instance:com.Test.Test_001@2f67b837]" started-at="2022-06-07T08:24:20 IST" name="setUp" finished-at="2022-06-07T08:24:23 IST" duration-ms="3031" status="PASS">
          <params>
            <param index="0">
              <value>
                <![CDATA[Edge]]>
              </value>
            </param>
          </params>
          <reporter-output>
          </reporter-output>
        </test-method> <!-- setUp -->
        <test-method signature="verifyTest_001()[pri:0, instance:com.Test.Test_001@2f67b837]" started-at="2022-06-07T08:24:23 IST" name="verifyTest_001" finished-at="2022-06-07T08:24:23 IST" duration-ms="315" status="PASS">
          <reporter-output>
          </reporter-output>
        </test-method> <!-- verifyTest_001 -->
        <test-method is-config="true" signature="tearDown()[pri:0, instance:com.Test.Test_001@2f67b837]" started-at="2022-06-07T08:24:25 IST" name="tearDown" finished-at="2022-06-07T08:24:25 IST" duration-ms="768" status="PASS">
          <reporter-output>
          </reporter-output>
        </test-method> <!-- tearDown -->
      </class> <!-- com.Test.Test_001 -->
    </test> <!-- Test_Edge -->
  </suite> <!-- Suite -->
</testng-results>
